<?xml version="1.0" encoding="UTF-8"?>
<!-- Generated by org.testng.reporters.JUnitXMLReporter -->
<testsuite ignored="8" hostname="DESKTOP-TVKQ1TM" failures="0" tests="12" name="Test" time="87.657" errors="0" timestamp="2024-07-31T17:24:09 IST">
  <testcase classname="testClasses.HomePageTextClass" name="verifyRegisterAPatientLinkIeDisplayedOnHomePage" time="3.171"/>
  <testcase classname="testClasses.HomePageTextClass" name="verifyFindPatientRecordLinkIsDisplayed" time="1.896"/>
  <testcase classname="testClasses.HomePageTextClass" name="verifyLogoutFunctionality" time="3.202"/>
  <testcase classname="testClasses.HomePageTextClass" name="verifyAdminDropdownMyAccountAndHomeIcon" time="3.187"/>
  <testcase classname="testClasses.LoginPageTextClass" name="verifyTheExpectedPageisOpensWhileHittingTheUrl" time="0.013"/>
  <testcase classname="testClasses.LoginPageTextClass" name="veryfyLogoIsDisplayedOrNotInLoginPage" time="0.033"/>
  <testcase classname="testClasses.LoginPageTextClass" name="verifySuccesfullogin" time="2.143"/>
  <testcase classname="testClasses.LoginPageTextClass" name="verifyUnsuccessfulLogin" time="1.188"/>
  <testcase classname="testClasses.LoginPageTextClass" name="verifyUnsuccessfulLogin" time="1.23"/>
  <testcase classname="testClasses.LoginPageTextClass" name="verifyUnsuccessfulLogin" time="1.222"/>
  <testcase classname="testClasses.LoginPageTextClass" name="verifyAllLocationSessionsAreDisplayedOrNotInLoginPage" time="0.043"/>
  <testcase classname="testClasses.RegisterAPatientTextClass" name="verifyToSelecttheButtonToGoToRegiterAPatientPage" time="12.409"/>
  <testcase classname="testClasses.PatientDetailsTests" name="testFindPatientCaseInsensitive" time="0.0">
    <ignored/>
  </testcase> <!-- testFindPatientCaseInsensitive -->
  <testcase classname="testClasses.PatientDetailsTests" name="testFindPatientByName" time="0.0">
    <ignored/>
  </testcase> <!-- testFindPatientByName -->
  <testcase classname="testClasses.PatientDetailsTests" name="testFindPatientPartialName" time="0.0">
    <ignored/>
  </testcase> <!-- testFindPatientPartialName -->
  <testcase classname="testClasses.PatientDetailsTests" name="verifySearchFunctionality" time="0.0">
    <ignored/>
  </testcase> <!-- verifySearchFunctionality -->
  <testcase classname="testClasses.PatientDetailsTests" name="testFindPatientAndVerifyAge" time="0.0">
    <ignored/>
  </testcase> <!-- testFindPatientAndVerifyAge -->
  <testcase classname="testClasses.PatientDetailsTests" name="testFindPatientAndVerifyGender" time="0.0">
    <ignored/>
  </testcase> <!-- testFindPatientAndVerifyGender -->
  <testcase classname="testClasses.PatientDetailsTests" name="verifyNavigationToFindPatientRecordPage" time="0.0">
    <ignored/>
  </testcase> <!-- verifyNavigationToFindPatientRecordPage -->
  <testcase classname="testClasses.PatientDetailsTests" name="testFindPatientByIdentifier" time="0.0">
    <ignored/>
  </testcase> <!-- testFindPatientByIdentifier -->
</testsuite> <!-- Test -->
