<?xml version="1.0" encoding="UTF-8"?>
<!-- Generated by org.testng.reporters.JUnitXMLReporter -->
<testsuite ignored="0" hostname="DESKTOP-TVKQ1TM" failures="0" tests="8" name="Test4" time="90.522" errors="0" timestamp="2024-07-31T18:56:51 IST">
  <testcase classname="testClasses.PatientDetailsTests" name="verifySearchFunctionality" time="7.052"/>
  <testcase classname="testClasses.PatientDetailsTests" name="verifyNavigationToFindPatientRecordPage" time="5.494"/>
  <testcase classname="testClasses.PatientDetailsTests" name="testFindPatientByIdentifier" time="5.12"/>
  <testcase classname="testClasses.PatientDetailsTests" name="testFindPatientByName" time="4.746"/>
  <testcase classname="testClasses.PatientDetailsTests" name="testFindPatientAndVerifyGender" time="4.614"/>
  <testcase classname="testClasses.PatientDetailsTests" name="testFindPatientAndVerifyAge" time="4.557"/>
  <testcase classname="testClasses.PatientDetailsTests" name="testFindPatientCaseInsensitive" time="4.465"/>
  <testcase classname="testClasses.PatientDetailsTests" name="testFindPatientPartialName" time="4.906"/>
</testsuite> <!-- Test4 -->
