<?xml version="1.0" encoding="UTF-8"?>
<!-- Generated by org.testng.reporters.JUnitXMLReporter -->
<testsuite ignored="0" hostname="DESKTOP-TVKQ1TM" failures="0" tests="7" name="Test2" time="58.198" errors="0" timestamp="2024-07-31T18:56:19 IST">
  <testcase classname="testClasses.LoginPageTextClass" name="verifyTheExpectedPageisOpensWhileHittingTheUrl" time="0.042"/>
  <testcase classname="testClasses.LoginPageTextClass" name="veryfyLogoIsDisplayedOrNotInLoginPage" time="0.099"/>
  <testcase classname="testClasses.LoginPageTextClass" name="verifySuccesfullogin" time="2.733"/>
  <testcase classname="testClasses.LoginPageTextClass" name="verifyUnsuccessfulLogin" time="1.447"/>
  <testcase classname="testClasses.LoginPageTextClass" name="verifyUnsuccessfulLogin" time="1.614"/>
  <testcase classname="testClasses.LoginPageTextClass" name="verifyUnsuccessfulLogin" time="1.488"/>
  <testcase classname="testClasses.LoginPageTextClass" name="verifyAllLocationSessionsAreDisplayedOrNotInLoginPage" time="0.049"/>
</testsuite> <!-- Test2 -->
