<?xml version="1.0" encoding="UTF-8"?>
<!-- Generated by org.testng.reporters.JUnitXMLReporter -->
<testsuite ignored="0" hostname="DESKTOP-TVKQ1TM" failures="0" tests="4" name="Test1" time="45.809" errors="0" timestamp="2024-07-31T18:56:07 IST">
  <testcase classname="testClasses.HomePageTextClass" name="verifyRegisterAPatientLinkIeDisplayedOnHomePage" time="4.399"/>
  <testcase classname="testClasses.HomePageTextClass" name="verifyFindPatientRecordLinkIsDisplayed" time="4.566"/>
  <testcase classname="testClasses.HomePageTextClass" name="verifyLogoutFunctionality" time="4.14"/>
  <testcase classname="testClasses.HomePageTextClass" name="verifyAdminDropdownMyAccountAndHomeIcon" time="4.535"/>
</testsuite> <!-- Test1 -->
