<?xml version="1.0" encoding="UTF-8"?>
<!-- Generated by org.testng.reporters.JUnitXMLReporter -->
<testsuite ignored="0" hostname="DESKTOP-TVKQ1TM" failures="0" tests="20" name="Test1" time="181.777" errors="0" timestamp="2024-07-31T17:20:22 IST">
  <testcase classname="testClasses.PatientDetailsTests" name="testFindPatientAndVerifyAge" time="4.547"/>
  <testcase classname="testClasses.PatientDetailsTests" name="testFindPatientAndVerifyGender" time="4.46"/>
  <testcase classname="testClasses.PatientDetailsTests" name="testFindPatientByIdentifier" time="4.991"/>
  <testcase classname="testClasses.PatientDetailsTests" name="testFindPatientByName" time="5.037"/>
  <testcase classname="testClasses.PatientDetailsTests" name="testFindPatientCaseInsensitive" time="4.667"/>
  <testcase classname="testClasses.PatientDetailsTests" name="testFindPatientPartialName" time="5.043"/>
  <testcase classname="testClasses.PatientDetailsTests" name="verifyNavigationToFindPatientRecordPage" time="4.933"/>
  <testcase classname="testClasses.PatientDetailsTests" name="verifySearchFunctionality" time="4.78"/>
  <testcase classname="testClasses.RegisterAPatientTextClass" name="verifyToSelecttheButtonToGoToRegiterAPatientPage" time="13.592"/>
  <testcase classname="testClasses.HomePageTextClass" name="verifyRegisterAPatientLinkIeDisplayedOnHomePage" time="3.004"/>
  <testcase classname="testClasses.LoginPageTextClass" name="verifyTheExpectedPageisOpensWhileHittingTheUrl" time="0.016"/>
  <testcase classname="testClasses.HomePageTextClass" name="verifyFindPatientRecordLinkIsDisplayed" time="2.388"/>
  <testcase classname="testClasses.LoginPageTextClass" name="veryfyLogoIsDisplayedOrNotInLoginPage" time="0.046"/>
  <testcase classname="testClasses.HomePageTextClass" name="verifyLogoutFunctionality" time="3.63"/>
  <testcase classname="testClasses.LoginPageTextClass" name="verifySuccesfullogin" time="2.764"/>
  <testcase classname="testClasses.HomePageTextClass" name="verifyAdminDropdownMyAccountAndHomeIcon" time="3.051"/>
  <testcase classname="testClasses.LoginPageTextClass" name="verifyUnsuccessfulLogin" time="1.353"/>
  <testcase classname="testClasses.LoginPageTextClass" name="verifyUnsuccessfulLogin" time="1.328"/>
  <testcase classname="testClasses.LoginPageTextClass" name="verifyUnsuccessfulLogin" time="1.298"/>
  <testcase classname="testClasses.LoginPageTextClass" name="verifyAllLocationSessionsAreDisplayedOrNotInLoginPage" time="0.036"/>
</testsuite> <!-- Test1 -->
