<?xml version="1.0" encoding="UTF-8"?>
<!-- Generated by org.testng.reporters.JUnitXMLReporter -->
<testsuite ignored="0" hostname="DESKTOP-TVKQ1TM" failures="0" tests="20" name="Test2" time="178.461" errors="0" timestamp="2024-07-31T17:20:18 IST">
  <testcase classname="testClasses.PatientDetailsTests" name="testFindPatientAndVerifyAge" time="4.665"/>
  <testcase classname="testClasses.PatientDetailsTests" name="testFindPatientAndVerifyGender" time="4.518"/>
  <testcase classname="testClasses.PatientDetailsTests" name="testFindPatientByIdentifier" time="4.278"/>
  <testcase classname="testClasses.PatientDetailsTests" name="testFindPatientByName" time="5.793"/>
  <testcase classname="testClasses.PatientDetailsTests" name="testFindPatientCaseInsensitive" time="4.825"/>
  <testcase classname="testClasses.PatientDetailsTests" name="testFindPatientPartialName" time="4.349"/>
  <testcase classname="testClasses.PatientDetailsTests" name="verifyNavigationToFindPatientRecordPage" time="4.803"/>
  <testcase classname="testClasses.PatientDetailsTests" name="verifySearchFunctionality" time="4.376"/>
  <testcase classname="testClasses.RegisterAPatientTextClass" name="verifyToSelecttheButtonToGoToRegiterAPatientPage" time="12.62"/>
  <testcase classname="testClasses.HomePageTextClass" name="verifyRegisterAPatientLinkIeDisplayedOnHomePage" time="1.772"/>
  <testcase classname="testClasses.LoginPageTextClass" name="verifyTheExpectedPageisOpensWhileHittingTheUrl" time="0.064"/>
  <testcase classname="testClasses.HomePageTextClass" name="verifyFindPatientRecordLinkIsDisplayed" time="2.246"/>
  <testcase classname="testClasses.LoginPageTextClass" name="veryfyLogoIsDisplayedOrNotInLoginPage" time="0.083"/>
  <testcase classname="testClasses.HomePageTextClass" name="verifyLogoutFunctionality" time="3.243"/>
  <testcase classname="testClasses.LoginPageTextClass" name="verifySuccesfullogin" time="2.227"/>
  <testcase classname="testClasses.HomePageTextClass" name="verifyAdminDropdownMyAccountAndHomeIcon" time="3.055"/>
  <testcase classname="testClasses.LoginPageTextClass" name="verifyUnsuccessfulLogin" time="1.262"/>
  <testcase classname="testClasses.LoginPageTextClass" name="verifyUnsuccessfulLogin" time="1.294"/>
  <testcase classname="testClasses.LoginPageTextClass" name="verifyUnsuccessfulLogin" time="1.259"/>
  <testcase classname="testClasses.LoginPageTextClass" name="verifyAllLocationSessionsAreDisplayedOrNotInLoginPage" time="0.041"/>
</testsuite> <!-- Test2 -->
